2024-11-29 23:14:49,256 - INFO - Trading Bot baþlatýlýyor...
2024-11-29 23:14:49,257 - INFO - Modüller baþarýyla yüklendi
2024-11-29 23:14:49,258 - INFO - Veriler güncelleniyor...
2024-11-29 23:14:52,643 - ERROR - $BTC-USD: possibly delisted; no price data found  (period=1mo) (Yahoo error = "Invalid input - interval=4h is not supported. Valid intervals: [1m, 2m, 5m, 15m, 30m, 60m, 90m, 1h, 1d, 5d, 1wk, 1mo, 3mo]")
2024-11-29 23:14:54,076 - ERROR - $BTC-USD: possibly delisted; no price data found  (period=1mo) (Yahoo error = "Invalid input - interval=1w is not supported. Valid intervals: [1m, 2m, 5m, 15m, 30m, 60m, 90m, 1h, 1d, 5d, 1wk, 1mo, 3mo]")
2024-11-29 23:14:55,511 - ERROR - $ETH-USD: possibly delisted; no price data found  (period=1mo) (Yahoo error = "Invalid input - interval=4h is not supported. Valid intervals: [1m, 2m, 5m, 15m, 30m, 60m, 90m, 1h, 1d, 5d, 1wk, 1mo, 3mo]")
2024-11-29 23:14:56,817 - ERROR - $ETH-USD: possibly delisted; no price data found  (period=1mo) (Yahoo error = "Invalid input - interval=1w is not supported. Valid intervals: [1m, 2m, 5m, 15m, 30m, 60m, 90m, 1h, 1d, 5d, 1wk, 1mo, 3mo]")
2024-11-29 23:14:58,151 - ERROR - $XRP-USD: possibly delisted; no price data found  (period=1mo) (Yahoo error = "Invalid input - interval=4h is not supported. Valid intervals: [1m, 2m, 5m, 15m, 30m, 60m, 90m, 1h, 1d, 5d, 1wk, 1mo, 3mo]")
2024-11-29 23:14:59,482 - ERROR - $XRP-USD: possibly delisted; no price data found  (period=1mo) (Yahoo error = "Invalid input - interval=1w is not supported. Valid intervals: [1m, 2m, 5m, 15m, 30m, 60m, 90m, 1h, 1d, 5d, 1wk, 1mo, 3mo]")
2024-11-29 23:14:59,493 - INFO - Sinyal: BTC-USD - 1h - BUY - Bullish divergence
2024-11-29 23:14:59,494 - INFO - Sinyal: BTC-USD - 1h - BUY - Bullish divergence
2024-11-29 23:14:59,495 - INFO - Sinyal: BTC-USD - 1h - SELL - Bearish divergence
2024-11-29 23:14:59,496 - INFO - Sinyal: BTC-USD - 1h - BUY - Bullish divergence
2024-11-29 23:14:59,497 - INFO - Sinyal: BTC-USD - 1h - SELL - Bearish divergence
2024-11-29 23:14:59,498 - INFO - Sinyal: BTC-USD - 1h - SELL - Bearish divergence
2024-11-29 23:14:59,499 - INFO - Sinyal: BTC-USD - 1h - SELL - Bearish divergence
2024-11-29 23:14:59,502 - INFO - Sinyal: BTC-USD - 1h - BUY - Bullish divergence
2024-11-29 23:14:59,503 - INFO - Sinyal: BTC-USD - 1h - SELL - Bearish divergence
2024-11-29 23:14:59,504 - INFO - Sinyal: BTC-USD - 1h - BUY - Bullish divergence
2024-11-29 23:14:59,505 - INFO - Sinyal: BTC-USD - 1h - BUY - Bullish divergence
2024-11-29 23:14:59,506 - INFO - Sinyal: BTC-USD - 1h - SELL - Bearish divergence
2024-11-29 23:14:59,507 - INFO - Sinyal: BTC-USD - 1h - SELL - Bearish divergence
2024-11-29 23:14:59,508 - INFO - Sinyal: BTC-USD - 1h - BUY - Bullish divergence
2024-11-29 23:14:59,510 - INFO - Sinyal: BTC-USD - 1h - SELL - Bearish divergence
2024-11-29 23:14:59,511 - INFO - Sinyal: BTC-USD - 1h - SELL - Bearish divergence
2024-11-29 23:14:59,512 - INFO - Sinyal: BTC-USD - 1h - SELL - Bearish divergence
2024-11-29 23:14:59,513 - INFO - Sinyal: BTC-USD - 1h - SELL - Bearish divergence
2024-11-29 23:14:59,514 - INFO - Sinyal: BTC-USD - 1h - SELL - Bearish divergence
2024-11-29 23:14:59,517 - INFO - Sinyal: BTC-USD - 1h - SELL - Bearish divergence
2024-11-29 23:14:59,518 - INFO - Sinyal: BTC-USD - 1h - SELL - Bearish divergence
2024-11-29 23:14:59,519 - INFO - Sinyal: BTC-USD - 1h - SELL - Bearish divergence
2024-11-29 23:14:59,520 - INFO - Sinyal: BTC-USD - 1h - SELL - Bearish divergence
2024-11-29 23:14:59,522 - INFO - Sinyal: BTC-USD - 1h - SELL - Bearish divergence
2024-11-29 23:14:59,523 - INFO - Sinyal: BTC-USD - 1h - BUY - Bullish divergence
2024-11-29 23:14:59,524 - INFO - Sinyal: BTC-USD - 1h - SELL - Bearish divergence
2024-11-29 23:14:59,525 - INFO - Sinyal: BTC-USD - 1h - SELL - Bearish divergence
2024-11-29 23:14:59,526 - INFO - Sinyal: BTC-USD - 1h - SELL - Bearish divergence
2024-11-29 23:14:59,527 - INFO - Sinyal: BTC-USD - 1h - BUY - Bullish divergence
2024-11-29 23:14:59,528 - INFO - Sinyal: BTC-USD - 1h - SELL - Bearish divergence
2024-11-29 23:14:59,529 - INFO - Sinyal: BTC-USD - 1h - SELL - Bearish divergence
2024-11-29 23:14:59,533 - INFO - Sinyal: BTC-USD - 1h - SELL - Bearish divergence
2024-11-29 23:14:59,534 - INFO - Sinyal: BTC-USD - 1h - SELL - Bearish divergence
2024-11-29 23:14:59,535 - INFO - Sinyal: BTC-USD - 1h - SELL - Bearish divergence
2024-11-29 23:14:59,536 - INFO - Sinyal: BTC-USD - 1h - SELL - Bearish divergence
2024-11-29 23:14:59,537 - INFO - Sinyal: BTC-USD - 1h - SELL - Bearish divergence
2024-11-29 23:14:59,538 - INFO - Sinyal: BTC-USD - 1h - SELL - Bearish divergence
2024-11-29 23:14:59,539 - INFO - Sinyal: BTC-USD - 1h - SELL - Bearish divergence
2024-11-29 23:14:59,540 - INFO - Sinyal: BTC-USD - 1h - SELL - Bearish divergence
2024-11-29 23:14:59,541 - INFO - Sinyal: BTC-USD - 1h - BUY - Bullish divergence
2024-11-29 23:14:59,542 - INFO - Sinyal: BTC-USD - 1h - SELL - Bearish divergence
2024-11-29 23:14:59,543 - INFO - Sinyal: BTC-USD - 1h - SELL - Bearish divergence
2024-11-29 23:14:59,544 - INFO - Sinyal: BTC-USD - 1h - SELL - Bearish divergence
2024-11-29 23:14:59,545 - INFO - Sinyal: BTC-USD - 1h - SELL - Bearish divergence
2024-11-29 23:14:59,549 - INFO - Sinyal: BTC-USD - 1h - BUY - Bullish divergence
2024-11-29 23:14:59,550 - INFO - Sinyal: BTC-USD - 1h - SELL - Bearish divergence
2024-11-29 23:14:59,552 - INFO - Sinyal: BTC-USD - 1h - BUY - Bullish divergence
2024-11-29 23:14:59,553 - INFO - Sinyal: BTC-USD - 1h - SELL - Bearish divergence
2024-11-29 23:14:59,554 - INFO - Sinyal: BTC-USD - 1h - SELL - Bearish divergence
2024-11-29 23:14:59,555 - INFO - Sinyal: BTC-USD - 1h - BUY - Bullish divergence
2024-11-29 23:14:59,556 - INFO - Sinyal: BTC-USD - 1h - SELL - Bearish divergence
2024-11-29 23:14:59,557 - INFO - Sinyal: BTC-USD - 1h - SELL - Bearish divergence
2024-11-29 23:14:59,559 - INFO - Sinyal: BTC-USD - 1h - SELL - Bearish divergence
2024-11-29 23:14:59,559 - INFO - Sinyal: BTC-USD - 1h - BUY - Bullish divergence
2024-11-29 23:14:59,560 - INFO - Sinyal: BTC-USD - 1h - SELL - Bearish divergence
2024-11-29 23:14:59,565 - INFO - Sinyal: BTC-USD - 1h - SELL - Bearish divergence
2024-11-29 23:14:59,565 - INFO - Sinyal: BTC-USD - 1h - BUY - Bullish divergence
2024-11-29 23:14:59,566 - INFO - Sinyal: BTC-USD - 1h - SELL - Bearish divergence
2024-11-29 23:14:59,567 - INFO - Sinyal: BTC-USD - 1h - SELL - Bearish divergence
2024-11-29 23:14:59,568 - INFO - Sinyal: BTC-USD - 1h - BUY - Bullish divergence
2024-11-29 23:14:59,569 - INFO - Sinyal: BTC-USD - 1h - BUY - Bullish divergence
2024-11-29 23:14:59,570 - INFO - Sinyal: BTC-USD - 1h - SELL - Bearish divergence
2024-11-29 23:14:59,571 - INFO - Sinyal: BTC-USD - 1h - SELL - Bearish divergence
2024-11-29 23:14:59,572 - INFO - Sinyal: BTC-USD - 1h - SELL - Bearish divergence
2024-11-29 23:14:59,573 - INFO - Sinyal: BTC-USD - 1h - SELL - Bearish divergence
2024-11-29 23:14:59,575 - INFO - Sinyal: BTC-USD - 1h - SELL - Bearish divergence
2024-11-29 23:14:59,576 - INFO - Sinyal: BTC-USD - 1h - SELL - Bearish divergence
2024-11-29 23:14:59,577 - INFO - Sinyal: BTC-USD - 1h - SELL - Bearish divergence
2024-11-29 23:14:59,580 - INFO - Sinyal: BTC-USD - 1h - SELL - Bearish divergence
2024-11-29 23:14:59,581 - INFO - Sinyal: BTC-USD - 1h - SELL - Bearish divergence
2024-11-29 23:14:59,582 - INFO - Sinyal: BTC-USD - 1h - BUY - Bullish divergence
2024-11-29 23:14:59,583 - INFO - Sinyal: BTC-USD - 1h - SELL - Bearish divergence
2024-11-29 23:14:59,584 - INFO - Sinyal: BTC-USD - 1h - SELL - Bearish divergence
2024-11-29 23:14:59,585 - INFO - Sinyal: BTC-USD - 1h - SELL - Bearish divergence
2024-11-29 23:14:59,586 - INFO - Sinyal: BTC-USD - 1h - SELL - Bearish divergence
2024-11-29 23:14:59,587 - INFO - Sinyal: BTC-USD - 1h - SELL - Bearish divergence
2024-11-29 23:14:59,588 - INFO - Sinyal: BTC-USD - 1h - SELL - Bearish divergence
2024-11-29 23:14:59,589 - INFO - Sinyal: BTC-USD - 1h - SELL - Bearish divergence
2024-11-29 23:14:59,590 - INFO - Sinyal: BTC-USD - 1h - SELL - Bearish divergence
2024-11-29 23:14:59,591 - INFO - Sinyal: BTC-USD - 1h - SELL - Bearish divergence
2024-11-29 23:14:59,593 - INFO - Sinyal: BTC-USD - 1h - SELL - Bearish divergence
2024-11-29 23:14:59,596 - INFO - Sinyal: BTC-USD - 1h - BUY - Bullish divergence
2024-11-29 23:14:59,597 - INFO - Sinyal: BTC-USD - 1h - SELL - Bearish divergence
2024-11-29 23:14:59,598 - INFO - Sinyal: BTC-USD - 1h - SELL - Bearish divergence
2024-11-29 23:14:59,599 - INFO - Sinyal: BTC-USD - 1h - BUY - Bullish divergence
2024-11-29 23:14:59,601 - INFO - Sinyal: BTC-USD - 1h - BUY - Bullish divergence
2024-11-29 23:14:59,602 - INFO - Sinyal: BTC-USD - 1h - SELL - Bearish divergence
2024-11-29 23:14:59,603 - INFO - Sinyal: BTC-USD - 1h - BUY - Bullish divergence
2024-11-29 23:14:59,604 - INFO - Sinyal: BTC-USD - 1h - BUY - Bullish divergence
2024-11-29 23:14:59,605 - INFO - Sinyal: BTC-USD - 1h - SELL - Bearish divergence
2024-11-29 23:14:59,606 - INFO - Sinyal: BTC-USD - 1h - SELL - Bearish divergence
2024-11-29 23:14:59,607 - INFO - Sinyal: BTC-USD - 1h - SELL - Bearish divergence
2024-11-29 23:14:59,608 - INFO - Sinyal: BTC-USD - 1h - SELL - Bearish divergence
2024-11-29 23:14:59,612 - INFO - Sinyal: BTC-USD - 1h - SELL - Bearish divergence
2024-11-29 23:14:59,618 - ERROR - Döngü içinde hata oluþtu: single positional indexer is out-of-bounds
2024-11-29 23:15:09,630 - INFO - Veriler güncelleniyor...
2024-11-29 23:15:11,381 - ERROR - $BTC-USD: possibly delisted; no price data found  (period=1mo) (Yahoo error = "Invalid input - interval=4h is not supported. Valid intervals: [1m, 2m, 5m, 15m, 30m, 60m, 90m, 1h, 1d, 5d, 1wk, 1mo, 3mo]")
2024-11-29 23:15:12,733 - ERROR - $BTC-USD: possibly delisted; no price data found  (period=1mo) (Yahoo error = "Invalid input - interval=1w is not supported. Valid intervals: [1m, 2m, 5m, 15m, 30m, 60m, 90m, 1h, 1d, 5d, 1wk, 1mo, 3mo]")
2024-11-29 23:15:14,258 - ERROR - $ETH-USD: possibly delisted; no price data found  (period=1mo) (Yahoo error = "Invalid input - interval=4h is not supported. Valid intervals: [1m, 2m, 5m, 15m, 30m, 60m, 90m, 1h, 1d, 5d, 1wk, 1mo, 3mo]")
2024-11-29 23:15:15,504 - ERROR - $ETH-USD: possibly delisted; no price data found  (period=1mo) (Yahoo error = "Invalid input - interval=1w is not supported. Valid intervals: [1m, 2m, 5m, 15m, 30m, 60m, 90m, 1h, 1d, 5d, 1wk, 1mo, 3mo]")
2024-11-29 23:15:16,900 - ERROR - $XRP-USD: possibly delisted; no price data found  (period=1mo) (Yahoo error = "Invalid input - interval=4h is not supported. Valid intervals: [1m, 2m, 5m, 15m, 30m, 60m, 90m, 1h, 1d, 5d, 1wk, 1mo, 3mo]")
2024-11-29 23:15:18,258 - ERROR - $XRP-USD: possibly delisted; no price data found  (period=1mo) (Yahoo error = "Invalid input - interval=1w is not supported. Valid intervals: [1m, 2m, 5m, 15m, 30m, 60m, 90m, 1h, 1d, 5d, 1wk, 1mo, 3mo]")
2024-11-29 23:15:18,267 - INFO - Sinyal: BTC-USD - 1h - BUY - Bullish divergence
2024-11-29 23:15:18,268 - INFO - Sinyal: BTC-USD - 1h - BUY - Bullish divergence
2024-11-29 23:15:18,269 - INFO - Sinyal: BTC-USD - 1h - SELL - Bearish divergence
2024-11-29 23:15:18,270 - INFO - Sinyal: BTC-USD - 1h - BUY - Bullish divergence
2024-11-29 23:15:18,270 - INFO - Sinyal: BTC-USD - 1h - SELL - Bearish divergence
2024-11-29 23:15:18,271 - INFO - Sinyal: BTC-USD - 1h - SELL - Bearish divergence
2024-11-29 23:15:18,272 - INFO - Sinyal: BTC-USD - 1h - SELL - Bearish divergence
2024-11-29 23:15:18,274 - INFO - Sinyal: BTC-USD - 1h - BUY - Bullish divergence
2024-11-29 23:15:18,275 - INFO - Sinyal: BTC-USD - 1h - SELL - Bearish divergence
2024-11-29 23:15:18,276 - INFO - Sinyal: BTC-USD - 1h - BUY - Bullish divergence
2024-11-29 23:15:18,277 - INFO - Sinyal: BTC-USD - 1h - BUY - Bullish divergence
2024-11-29 23:15:18,278 - INFO - Sinyal: BTC-USD - 1h - SELL - Bearish divergence
2024-11-29 23:15:18,279 - INFO - Sinyal: BTC-USD - 1h - SELL - Bearish divergence
2024-11-29 23:15:18,283 - INFO - Sinyal: BTC-USD - 1h - BUY - Bullish divergence
2024-11-29 23:15:18,283 - INFO - Sinyal: BTC-USD - 1h - SELL - Bearish divergence
2024-11-29 23:15:18,284 - INFO - Sinyal: BTC-USD - 1h - SELL - Bearish divergence
2024-11-29 23:15:18,285 - INFO - Sinyal: BTC-USD - 1h - SELL - Bearish divergence
2024-11-29 23:15:18,286 - INFO - Sinyal: BTC-USD - 1h - SELL - Bearish divergence
2024-11-29 23:15:18,288 - INFO - Sinyal: BTC-USD - 1h - SELL - Bearish divergence
2024-11-29 23:15:18,289 - INFO - Sinyal: BTC-USD - 1h - SELL - Bearish divergence
2024-11-29 23:15:18,290 - INFO - Sinyal: BTC-USD - 1h - SELL - Bearish divergence
2024-11-29 23:15:18,291 - INFO - Sinyal: BTC-USD - 1h - SELL - Bearish divergence
2024-11-29 23:15:18,292 - INFO - Sinyal: BTC-USD - 1h - SELL - Bearish divergence
2024-11-29 23:15:18,293 - INFO - Sinyal: BTC-USD - 1h - SELL - Bearish divergence
2024-11-29 23:15:18,294 - INFO - Sinyal: BTC-USD - 1h - BUY - Bullish divergence
2024-11-29 23:15:18,295 - INFO - Sinyal: BTC-USD - 1h - SELL - Bearish divergence
2024-11-29 23:15:18,296 - INFO - Sinyal: BTC-USD - 1h - SELL - Bearish divergence
2024-11-29 23:15:18,300 - INFO - Sinyal: BTC-USD - 1h - SELL - Bearish divergence
2024-11-29 23:15:18,302 - INFO - Sinyal: BTC-USD - 1h - BUY - Bullish divergence
2024-11-29 23:15:18,303 - INFO - Sinyal: BTC-USD - 1h - SELL - Bearish divergence
2024-11-29 23:15:18,304 - INFO - Sinyal: BTC-USD - 1h - SELL - Bearish divergence
2024-11-29 23:15:18,305 - INFO - Sinyal: BTC-USD - 1h - SELL - Bearish divergence
2024-11-29 23:15:18,306 - INFO - Sinyal: BTC-USD - 1h - SELL - Bearish divergence
2024-11-29 23:15:18,308 - INFO - Sinyal: BTC-USD - 1h - SELL - Bearish divergence
2024-11-29 23:15:18,309 - INFO - Sinyal: BTC-USD - 1h - SELL - Bearish divergence
2024-11-29 23:15:18,310 - INFO - Sinyal: BTC-USD - 1h - SELL - Bearish divergence
2024-11-29 23:15:18,311 - INFO - Sinyal: BTC-USD - 1h - SELL - Bearish divergence
2024-11-29 23:15:18,314 - INFO - Sinyal: BTC-USD - 1h - SELL - Bearish divergence
2024-11-29 23:15:18,316 - INFO - Sinyal: BTC-USD - 1h - SELL - Bearish divergence
2024-11-29 23:15:18,317 - INFO - Sinyal: BTC-USD - 1h - BUY - Bullish divergence
2024-11-29 23:15:18,318 - INFO - Sinyal: BTC-USD - 1h - SELL - Bearish divergence
2024-11-29 23:15:18,319 - INFO - Sinyal: BTC-USD - 1h - SELL - Bearish divergence
2024-11-29 23:15:18,320 - INFO - Sinyal: BTC-USD - 1h - SELL - Bearish divergence
2024-11-29 23:15:18,321 - INFO - Sinyal: BTC-USD - 1h - SELL - Bearish divergence
2024-11-29 23:15:18,322 - INFO - Sinyal: BTC-USD - 1h - BUY - Bullish divergence
2024-11-29 23:15:18,323 - INFO - Sinyal: BTC-USD - 1h - SELL - Bearish divergence
2024-11-29 23:15:18,324 - INFO - Sinyal: BTC-USD - 1h - BUY - Bullish divergence
2024-11-29 23:15:18,325 - INFO - Sinyal: BTC-USD - 1h - SELL - Bearish divergence
2024-11-29 23:15:18,326 - INFO - Sinyal: BTC-USD - 1h - SELL - Bearish divergence
2024-11-29 23:15:18,330 - INFO - Sinyal: BTC-USD - 1h - BUY - Bullish divergence
2024-11-29 23:15:18,331 - INFO - Sinyal: BTC-USD - 1h - SELL - Bearish divergence
2024-11-29 23:15:18,332 - INFO - Sinyal: BTC-USD - 1h - SELL - Bearish divergence
2024-11-29 23:15:18,333 - INFO - Sinyal: BTC-USD - 1h - SELL - Bearish divergence
2024-11-29 23:15:18,334 - INFO - Sinyal: BTC-USD - 1h - BUY - Bullish divergence
2024-11-29 23:15:18,335 - INFO - Sinyal: BTC-USD - 1h - SELL - Bearish divergence
2024-11-29 23:15:18,336 - INFO - Sinyal: BTC-USD - 1h - SELL - Bearish divergence
2024-11-29 23:15:18,337 - INFO - Sinyal: BTC-USD - 1h - BUY - Bullish divergence
2024-11-29 23:15:18,338 - INFO - Sinyal: BTC-USD - 1h - SELL - Bearish divergence
2024-11-29 23:15:18,339 - INFO - Sinyal: BTC-USD - 1h - SELL - Bearish divergence
2024-11-29 23:15:18,340 - INFO - Sinyal: BTC-USD - 1h - BUY - Bullish divergence
2024-11-29 23:15:18,341 - INFO - Sinyal: BTC-USD - 1h - BUY - Bullish divergence
2024-11-29 23:15:18,342 - INFO - Sinyal: BTC-USD - 1h - SELL - Bearish divergence
2024-11-29 23:15:18,346 - INFO - Sinyal: BTC-USD - 1h - SELL - Bearish divergence
2024-11-29 23:15:18,347 - INFO - Sinyal: BTC-USD - 1h - SELL - Bearish divergence
2024-11-29 23:15:18,348 - INFO - Sinyal: BTC-USD - 1h - SELL - Bearish divergence
2024-11-29 23:15:18,349 - INFO - Sinyal: BTC-USD - 1h - SELL - Bearish divergence
2024-11-29 23:15:18,350 - INFO - Sinyal: BTC-USD - 1h - SELL - Bearish divergence
2024-11-29 23:15:18,352 - INFO - Sinyal: BTC-USD - 1h - SELL - Bearish divergence
2024-11-29 23:15:18,352 - INFO - Sinyal: BTC-USD - 1h - SELL - Bearish divergence
2024-11-29 23:15:18,353 - INFO - Sinyal: BTC-USD - 1h - SELL - Bearish divergence
2024-11-29 23:15:18,354 - INFO - Sinyal: BTC-USD - 1h - BUY - Bullish divergence
2024-11-29 23:15:18,355 - INFO - Sinyal: BTC-USD - 1h - SELL - Bearish divergence
2024-11-29 23:15:18,356 - INFO - Sinyal: BTC-USD - 1h - SELL - Bearish divergence
2024-11-29 23:15:18,357 - INFO - Sinyal: BTC-USD - 1h - SELL - Bearish divergence
2024-11-29 23:15:18,361 - INFO - Sinyal: BTC-USD - 1h - SELL - Bearish divergence
2024-11-29 23:15:18,362 - INFO - Sinyal: BTC-USD - 1h - SELL - Bearish divergence
2024-11-29 23:15:18,363 - INFO - Sinyal: BTC-USD - 1h - SELL - Bearish divergence
2024-11-29 23:15:18,364 - INFO - Sinyal: BTC-USD - 1h - SELL - Bearish divergence
2024-11-29 23:15:18,365 - INFO - Sinyal: BTC-USD - 1h - SELL - Bearish divergence
2024-11-29 23:15:18,366 - INFO - Sinyal: BTC-USD - 1h - SELL - Bearish divergence
2024-11-29 23:15:18,367 - INFO - Sinyal: BTC-USD - 1h - SELL - Bearish divergence
2024-11-29 23:15:18,368 - INFO - Sinyal: BTC-USD - 1h - BUY - Bullish divergence
2024-11-29 23:15:18,369 - INFO - Sinyal: BTC-USD - 1h - SELL - Bearish divergence
2024-11-29 23:15:18,370 - INFO - Sinyal: BTC-USD - 1h - SELL - Bearish divergence
2024-11-29 23:15:18,371 - INFO - Sinyal: BTC-USD - 1h - BUY - Bullish divergence
2024-11-29 23:15:18,372 - INFO - Sinyal: BTC-USD - 1h - BUY - Bullish divergence
2024-11-29 23:15:18,373 - INFO - Sinyal: BTC-USD - 1h - SELL - Bearish divergence
2024-11-29 23:15:18,374 - INFO - Sinyal: BTC-USD - 1h - BUY - Bullish divergence
2024-11-29 23:15:18,378 - INFO - Sinyal: BTC-USD - 1h - BUY - Bullish divergence
2024-11-29 23:15:18,379 - INFO - Sinyal: BTC-USD - 1h - SELL - Bearish divergence
2024-11-29 23:15:18,380 - INFO - Sinyal: BTC-USD - 1h - SELL - Bearish divergence
2024-11-29 23:15:18,381 - INFO - Sinyal: BTC-USD - 1h - SELL - Bearish divergence
2024-11-29 23:15:18,382 - INFO - Sinyal: BTC-USD - 1h - SELL - Bearish divergence
2024-11-29 23:15:18,383 - INFO - Sinyal: BTC-USD - 1h - SELL - Bearish divergence
2024-11-29 23:15:18,389 - ERROR - Döngü içinde hata oluþtu: single positional indexer is out-of-bounds
2024-11-29 23:15:28,402 - INFO - Veriler güncelleniyor...
2024-11-29 23:15:31,223 - ERROR - $BTC-USD: possibly delisted; no price data found  (period=1mo) (Yahoo error = "Invalid input - interval=4h is not supported. Valid intervals: [1m, 2m, 5m, 15m, 30m, 60m, 90m, 1h, 1d, 5d, 1wk, 1mo, 3mo]")
2024-11-29 23:15:32,705 - ERROR - $BTC-USD: possibly delisted; no price data found  (period=1mo) (Yahoo error = "Invalid input - interval=1w is not supported. Valid intervals: [1m, 2m, 5m, 15m, 30m, 60m, 90m, 1h, 1d, 5d, 1wk, 1mo, 3mo]")
2024-11-29 23:15:34,098 - ERROR - $ETH-USD: possibly delisted; no price data found  (period=1mo) (Yahoo error = "Invalid input - interval=4h is not supported. Valid intervals: [1m, 2m, 5m, 15m, 30m, 60m, 90m, 1h, 1d, 5d, 1wk, 1mo, 3mo]")
2024-11-29 23:15:35,537 - ERROR - $ETH-USD: possibly delisted; no price data found  (period=1mo) (Yahoo error = "Invalid input - interval=1w is not supported. Valid intervals: [1m, 2m, 5m, 15m, 30m, 60m, 90m, 1h, 1d, 5d, 1wk, 1mo, 3mo]")
2024-11-29 23:15:36,942 - ERROR - $XRP-USD: possibly delisted; no price data found  (period=1mo) (Yahoo error = "Invalid input - interval=4h is not supported. Valid intervals: [1m, 2m, 5m, 15m, 30m, 60m, 90m, 1h, 1d, 5d, 1wk, 1mo, 3mo]")
2024-11-29 23:15:38,242 - ERROR - $XRP-USD: possibly delisted; no price data found  (period=1mo) (Yahoo error = "Invalid input - interval=1w is not supported. Valid intervals: [1m, 2m, 5m, 15m, 30m, 60m, 90m, 1h, 1d, 5d, 1wk, 1mo, 3mo]")
2024-11-29 23:15:38,252 - INFO - Sinyal: BTC-USD - 1h - BUY - Bullish divergence
2024-11-29 23:15:38,253 - INFO - Sinyal: BTC-USD - 1h - BUY - Bullish divergence
2024-11-29 23:15:38,255 - INFO - Sinyal: BTC-USD - 1h - SELL - Bearish divergence
2024-11-29 23:15:38,256 - INFO - Sinyal: BTC-USD - 1h - BUY - Bullish divergence
2024-11-29 23:15:38,257 - INFO - Sinyal: BTC-USD - 1h - SELL - Bearish divergence
2024-11-29 23:15:38,258 - INFO - Sinyal: BTC-USD - 1h - SELL - Bearish divergence
2024-11-29 23:15:38,260 - INFO - Sinyal: BTC-USD - 1h - SELL - Bearish divergence
2024-11-29 23:15:38,262 - INFO - Sinyal: BTC-USD - 1h - BUY - Bullish divergence
2024-11-29 23:15:38,263 - INFO - Sinyal: BTC-USD - 1h - SELL - Bearish divergence
2024-11-29 23:15:38,264 - INFO - Sinyal: BTC-USD - 1h - BUY - Bullish divergence
2024-11-29 23:15:38,265 - INFO - Sinyal: BTC-USD - 1h - BUY - Bullish divergence
2024-11-29 23:15:38,267 - INFO - Sinyal: BTC-USD - 1h - SELL - Bearish divergence
2024-11-29 23:15:38,269 - INFO - Sinyal: BTC-USD - 1h - SELL - Bearish divergence
2024-11-29 23:15:38,274 - INFO - Sinyal: BTC-USD - 1h - BUY - Bullish divergence
2024-11-29 23:15:38,275 - INFO - Sinyal: BTC-USD - 1h - SELL - Bearish divergence
2024-11-29 23:15:38,276 - INFO - Sinyal: BTC-USD - 1h - SELL - Bearish divergence
2024-11-29 23:15:38,277 - INFO - Sinyal: BTC-USD - 1h - SELL - Bearish divergence
2024-11-29 23:15:38,279 - INFO - Sinyal: BTC-USD - 1h - SELL - Bearish divergence
2024-11-29 23:15:38,281 - INFO - Sinyal: BTC-USD - 1h - SELL - Bearish divergence
2024-11-29 23:15:38,283 - INFO - Sinyal: BTC-USD - 1h - SELL - Bearish divergence
2024-11-29 23:15:38,284 - INFO - Sinyal: BTC-USD - 1h - SELL - Bearish divergence
2024-11-29 23:15:38,288 - INFO - Sinyal: BTC-USD - 1h - SELL - Bearish divergence
2024-11-29 23:15:38,290 - INFO - Sinyal: BTC-USD - 1h - SELL - Bearish divergence
2024-11-29 23:15:38,291 - INFO - Sinyal: BTC-USD - 1h - SELL - Bearish divergence
2024-11-29 23:15:38,292 - INFO - Sinyal: BTC-USD - 1h - BUY - Bullish divergence
2024-11-29 23:15:38,293 - INFO - Sinyal: BTC-USD - 1h - SELL - Bearish divergence
2024-11-29 23:15:38,294 - INFO - Sinyal: BTC-USD - 1h - SELL - Bearish divergence
2024-11-29 23:15:38,296 - INFO - Sinyal: BTC-USD - 1h - SELL - Bearish divergence
2024-11-29 23:15:38,297 - INFO - Sinyal: BTC-USD - 1h - BUY - Bullish divergence
2024-11-29 23:15:38,299 - INFO - Sinyal: BTC-USD - 1h - SELL - Bearish divergence
2024-11-29 23:15:38,300 - INFO - Sinyal: BTC-USD - 1h - SELL - Bearish divergence
2024-11-29 23:15:38,304 - INFO - Sinyal: BTC-USD - 1h - SELL - Bearish divergence
2024-11-29 23:15:38,305 - INFO - Sinyal: BTC-USD - 1h - SELL - Bearish divergence
2024-11-29 23:15:38,307 - INFO - Sinyal: BTC-USD - 1h - SELL - Bearish divergence
2024-11-29 23:15:38,309 - INFO - Sinyal: BTC-USD - 1h - SELL - Bearish divergence
2024-11-29 23:15:38,310 - INFO - Sinyal: BTC-USD - 1h - SELL - Bearish divergence
2024-11-29 23:15:38,311 - INFO - Sinyal: BTC-USD - 1h - SELL - Bearish divergence
2024-11-29 23:15:38,312 - INFO - Sinyal: BTC-USD - 1h - SELL - Bearish divergence
2024-11-29 23:15:38,313 - INFO - Sinyal: BTC-USD - 1h - SELL - Bearish divergence
2024-11-29 23:15:38,315 - INFO - Sinyal: BTC-USD - 1h - BUY - Bullish divergence
2024-11-29 23:15:38,319 - INFO - Sinyal: BTC-USD - 1h - SELL - Bearish divergence
2024-11-29 23:15:38,320 - INFO - Sinyal: BTC-USD - 1h - SELL - Bearish divergence
2024-11-29 23:15:38,322 - INFO - Sinyal: BTC-USD - 1h - SELL - Bearish divergence
2024-11-29 23:15:38,323 - INFO - Sinyal: BTC-USD - 1h - SELL - Bearish divergence
2024-11-29 23:15:38,324 - INFO - Sinyal: BTC-USD - 1h - BUY - Bullish divergence
2024-11-29 23:15:38,325 - INFO - Sinyal: BTC-USD - 1h - SELL - Bearish divergence
2024-11-29 23:15:38,326 - INFO - Sinyal: BTC-USD - 1h - BUY - Bullish divergence
2024-11-29 23:15:38,328 - INFO - Sinyal: BTC-USD - 1h - SELL - Bearish divergence
2024-11-29 23:15:38,329 - INFO - Sinyal: BTC-USD - 1h - SELL - Bearish divergence
2024-11-29 23:15:38,331 - INFO - Sinyal: BTC-USD - 1h - BUY - Bullish divergence
2024-11-29 23:15:38,332 - INFO - Sinyal: BTC-USD - 1h - SELL - Bearish divergence
2024-11-29 23:15:38,337 - INFO - Sinyal: BTC-USD - 1h - SELL - Bearish divergence
2024-11-29 23:15:38,339 - INFO - Sinyal: BTC-USD - 1h - SELL - Bearish divergence
2024-11-29 23:15:38,341 - INFO - Sinyal: BTC-USD - 1h - BUY - Bullish divergence
2024-11-29 23:15:38,343 - INFO - Sinyal: BTC-USD - 1h - SELL - Bearish divergence
2024-11-29 23:15:38,344 - INFO - Sinyal: BTC-USD - 1h - SELL - Bearish divergence
2024-11-29 23:15:38,346 - INFO - Sinyal: BTC-USD - 1h - BUY - Bullish divergence
2024-11-29 23:15:38,347 - INFO - Sinyal: BTC-USD - 1h - SELL - Bearish divergence
2024-11-29 23:15:38,352 - INFO - Sinyal: BTC-USD - 1h - SELL - Bearish divergence
2024-11-29 23:15:38,353 - INFO - Sinyal: BTC-USD - 1h - BUY - Bullish divergence
2024-11-29 23:15:38,354 - INFO - Sinyal: BTC-USD - 1h - BUY - Bullish divergence
2024-11-29 23:15:38,355 - INFO - Sinyal: BTC-USD - 1h - SELL - Bearish divergence
2024-11-29 23:15:38,357 - INFO - Sinyal: BTC-USD - 1h - SELL - Bearish divergence
2024-11-29 23:15:38,358 - INFO - Sinyal: BTC-USD - 1h - SELL - Bearish divergence
2024-11-29 23:15:38,359 - INFO - Sinyal: BTC-USD - 1h - SELL - Bearish divergence
2024-11-29 23:15:38,360 - INFO - Sinyal: BTC-USD - 1h - SELL - Bearish divergence
2024-11-29 23:15:38,361 - INFO - Sinyal: BTC-USD - 1h - SELL - Bearish divergence
2024-11-29 23:15:38,362 - INFO - Sinyal: BTC-USD - 1h - SELL - Bearish divergence
2024-11-29 23:15:38,363 - INFO - Sinyal: BTC-USD - 1h - SELL - Bearish divergence
2024-11-29 23:15:38,367 - INFO - Sinyal: BTC-USD - 1h - SELL - Bearish divergence
2024-11-29 23:15:38,368 - INFO - Sinyal: BTC-USD - 1h - BUY - Bullish divergence
2024-11-29 23:15:38,369 - INFO - Sinyal: BTC-USD - 1h - SELL - Bearish divergence
2024-11-29 23:15:38,370 - INFO - Sinyal: BTC-USD - 1h - SELL - Bearish divergence
2024-11-29 23:15:38,372 - INFO - Sinyal: BTC-USD - 1h - SELL - Bearish divergence
2024-11-29 23:15:38,373 - INFO - Sinyal: BTC-USD - 1h - SELL - Bearish divergence
2024-11-29 23:15:38,373 - INFO - Sinyal: BTC-USD - 1h - SELL - Bearish divergence
2024-11-29 23:15:38,375 - INFO - Sinyal: BTC-USD - 1h - SELL - Bearish divergence
2024-11-29 23:15:38,377 - INFO - Sinyal: BTC-USD - 1h - SELL - Bearish divergence
2024-11-29 23:15:38,379 - INFO - Sinyal: BTC-USD - 1h - SELL - Bearish divergence
2024-11-29 23:15:38,380 - INFO - Sinyal: BTC-USD - 1h - SELL - Bearish divergence
2024-11-29 23:15:38,387 - INFO - Sinyal: BTC-USD - 1h - SELL - Bearish divergence
2024-11-29 23:15:38,389 - INFO - Sinyal: BTC-USD - 1h - BUY - Bullish divergence
2024-11-29 23:15:38,391 - INFO - Sinyal: BTC-USD - 1h - SELL - Bearish divergence
2024-11-29 23:15:38,393 - INFO - Sinyal: BTC-USD - 1h - SELL - Bearish divergence
2024-11-29 23:15:38,394 - INFO - Sinyal: BTC-USD - 1h - BUY - Bullish divergence
2024-11-29 23:15:38,396 - INFO - Sinyal: BTC-USD - 1h - BUY - Bullish divergence
2024-11-29 23:15:38,401 - INFO - Sinyal: BTC-USD - 1h - SELL - Bearish divergence
2024-11-29 23:15:38,403 - INFO - Sinyal: BTC-USD - 1h - BUY - Bullish divergence
2024-11-29 23:15:38,406 - INFO - Sinyal: BTC-USD - 1h - BUY - Bullish divergence
2024-11-29 23:15:38,407 - INFO - Sinyal: BTC-USD - 1h - SELL - Bearish divergence
2024-11-29 23:15:38,409 - INFO - Sinyal: BTC-USD - 1h - SELL - Bearish divergence
2024-11-29 23:15:38,410 - INFO - Sinyal: BTC-USD - 1h - SELL - Bearish divergence
2024-11-29 23:15:38,411 - INFO - Sinyal: BTC-USD - 1h - SELL - Bearish divergence
2024-11-29 23:15:38,412 - INFO - Sinyal: BTC-USD - 1h - SELL - Bearish divergence
2024-11-29 23:15:38,422 - ERROR - Döngü içinde hata oluþtu: single positional indexer is out-of-bounds
2024-11-29 23:15:48,426 - INFO - Veriler güncelleniyor...
2024-11-29 23:15:50,188 - ERROR - $BTC-USD: possibly delisted; no price data found  (period=1mo) (Yahoo error = "Invalid input - interval=4h is not supported. Valid intervals: [1m, 2m, 5m, 15m, 30m, 60m, 90m, 1h, 1d, 5d, 1wk, 1mo, 3mo]")
2024-11-29 23:15:51,726 - ERROR - $BTC-USD: possibly delisted; no price data found  (period=1mo) (Yahoo error = "Invalid input - interval=1w is not supported. Valid intervals: [1m, 2m, 5m, 15m, 30m, 60m, 90m, 1h, 1d, 5d, 1wk, 1mo, 3mo]")
2024-11-29 23:15:53,194 - ERROR - $ETH-USD: possibly delisted; no price data found  (period=1mo) (Yahoo error = "Invalid input - interval=4h is not supported. Valid intervals: [1m, 2m, 5m, 15m, 30m, 60m, 90m, 1h, 1d, 5d, 1wk, 1mo, 3mo]")
2024-11-29 23:15:54,571 - ERROR - $ETH-USD: possibly delisted; no price data found  (period=1mo) (Yahoo error = "Invalid input - interval=1w is not supported. Valid intervals: [1m, 2m, 5m, 15m, 30m, 60m, 90m, 1h, 1d, 5d, 1wk, 1mo, 3mo]")
2024-11-29 23:15:56,246 - ERROR - $XRP-USD: possibly delisted; no price data found  (period=1mo) (Yahoo error = "Invalid input - interval=4h is not supported. Valid intervals: [1m, 2m, 5m, 15m, 30m, 60m, 90m, 1h, 1d, 5d, 1wk, 1mo, 3mo]")
2024-11-29 23:15:57,865 - ERROR - $XRP-USD: possibly delisted; no price data found  (period=1mo) (Yahoo error = "Invalid input - interval=1w is not supported. Valid intervals: [1m, 2m, 5m, 15m, 30m, 60m, 90m, 1h, 1d, 5d, 1wk, 1mo, 3mo]")
2024-11-29 23:15:57,874 - INFO - Sinyal: BTC-USD - 1h - BUY - Bullish divergence
2024-11-29 23:15:57,875 - INFO - Sinyal: BTC-USD - 1h - BUY - Bullish divergence
2024-11-29 23:15:57,876 - INFO - Sinyal: BTC-USD - 1h - SELL - Bearish divergence
2024-11-29 23:15:57,877 - INFO - Sinyal: BTC-USD - 1h - BUY - Bullish divergence
2024-11-29 23:15:57,879 - INFO - Sinyal: BTC-USD - 1h - SELL - Bearish divergence
2024-11-29 23:15:57,880 - INFO - Sinyal: BTC-USD - 1h - SELL - Bearish divergence
2024-11-29 23:15:57,881 - INFO - Sinyal: BTC-USD - 1h - SELL - Bearish divergence
2024-11-29 23:15:57,881 - INFO - Sinyal: BTC-USD - 1h - BUY - Bullish divergence
2024-11-29 23:15:57,882 - INFO - Sinyal: BTC-USD - 1h - SELL - Bearish divergence
2024-11-29 23:15:57,883 - INFO - Sinyal: BTC-USD - 1h - BUY - Bullish divergence
2024-11-29 23:15:57,884 - INFO - Sinyal: BTC-USD - 1h - BUY - Bullish divergence
2024-11-29 23:15:57,885 - INFO - Sinyal: BTC-USD - 1h - SELL - Bearish divergence
2024-11-29 23:15:57,886 - INFO - Sinyal: BTC-USD - 1h - SELL - Bearish divergence
2024-11-29 23:15:57,889 - INFO - Sinyal: BTC-USD - 1h - BUY - Bullish divergence
2024-11-29 23:15:57,890 - INFO - Sinyal: BTC-USD - 1h - SELL - Bearish divergence
2024-11-29 23:15:57,891 - INFO - Sinyal: BTC-USD - 1h - SELL - Bearish divergence
2024-11-29 23:15:57,892 - INFO - Sinyal: BTC-USD - 1h - SELL - Bearish divergence
2024-11-29 23:15:57,893 - INFO - Sinyal: BTC-USD - 1h - SELL - Bearish divergence
2024-11-29 23:15:57,894 - INFO - Sinyal: BTC-USD - 1h - SELL - Bearish divergence
2024-11-29 23:15:57,895 - INFO - Sinyal: BTC-USD - 1h - SELL - Bearish divergence
2024-11-29 23:15:57,897 - INFO - Sinyal: BTC-USD - 1h - SELL - Bearish divergence
2024-11-29 23:15:57,898 - INFO - Sinyal: BTC-USD - 1h - SELL - Bearish divergence
2024-11-29 23:15:57,899 - INFO - Sinyal: BTC-USD - 1h - SELL - Bearish divergence
2024-11-29 23:15:57,901 - INFO - Sinyal: BTC-USD - 1h - SELL - Bearish divergence
2024-11-29 23:15:57,902 - INFO - Sinyal: BTC-USD - 1h - BUY - Bullish divergence
2024-11-29 23:15:57,907 - INFO - Sinyal: BTC-USD - 1h - SELL - Bearish divergence
2024-11-29 23:15:57,908 - INFO - Sinyal: BTC-USD - 1h - SELL - Bearish divergence
2024-11-29 23:15:57,909 - INFO - Sinyal: BTC-USD - 1h - SELL - Bearish divergence
2024-11-29 23:15:57,910 - INFO - Sinyal: BTC-USD - 1h - BUY - Bullish divergence
2024-11-29 23:15:57,912 - INFO - Sinyal: BTC-USD - 1h - SELL - Bearish divergence
2024-11-29 23:15:57,913 - INFO - Sinyal: BTC-USD - 1h - SELL - Bearish divergence
2024-11-29 23:15:57,914 - INFO - Sinyal: BTC-USD - 1h - SELL - Bearish divergence
2024-11-29 23:15:57,915 - INFO - Sinyal: BTC-USD - 1h - SELL - Bearish divergence
2024-11-29 23:15:57,916 - INFO - Sinyal: BTC-USD - 1h - SELL - Bearish divergence
2024-11-29 23:15:57,917 - INFO - Sinyal: BTC-USD - 1h - SELL - Bearish divergence
2024-11-29 23:15:57,918 - INFO - Sinyal: BTC-USD - 1h - SELL - Bearish divergence
2024-11-29 23:15:57,922 - INFO - Sinyal: BTC-USD - 1h - SELL - Bearish divergence
2024-11-29 23:15:57,923 - INFO - Sinyal: BTC-USD - 1h - SELL - Bearish divergence
2024-11-29 23:15:57,924 - INFO - Sinyal: BTC-USD - 1h - SELL - Bearish divergence
2024-11-29 23:15:57,925 - INFO - Sinyal: BTC-USD - 1h - BUY - Bullish divergence
2024-11-29 23:15:57,926 - INFO - Sinyal: BTC-USD - 1h - SELL - Bearish divergence
2024-11-29 23:15:57,927 - INFO - Sinyal: BTC-USD - 1h - SELL - Bearish divergence
2024-11-29 23:15:57,929 - INFO - Sinyal: BTC-USD - 1h - SELL - Bearish divergence
2024-11-29 23:15:57,930 - INFO - Sinyal: BTC-USD - 1h - SELL - Bearish divergence
2024-11-29 23:15:57,930 - INFO - Sinyal: BTC-USD - 1h - BUY - Bullish divergence
2024-11-29 23:15:57,932 - INFO - Sinyal: BTC-USD - 1h - SELL - Bearish divergence
2024-11-29 23:15:57,933 - INFO - Sinyal: BTC-USD - 1h - BUY - Bullish divergence
2024-11-29 23:15:57,937 - INFO - Sinyal: BTC-USD - 1h - SELL - Bearish divergence
2024-11-29 23:15:57,937 - INFO - Sinyal: BTC-USD - 1h - SELL - Bearish divergence
2024-11-29 23:15:57,938 - INFO - Sinyal: BTC-USD - 1h - BUY - Bullish divergence
2024-11-29 23:15:57,940 - INFO - Sinyal: BTC-USD - 1h - SELL - Bearish divergence
2024-11-29 23:15:57,942 - INFO - Sinyal: BTC-USD - 1h - SELL - Bearish divergence
2024-11-29 23:15:57,943 - INFO - Sinyal: BTC-USD - 1h - SELL - Bearish divergence
2024-11-29 23:15:57,944 - INFO - Sinyal: BTC-USD - 1h - BUY - Bullish divergence
2024-11-29 23:15:57,945 - INFO - Sinyal: BTC-USD - 1h - SELL - Bearish divergence
2024-11-29 23:15:57,945 - INFO - Sinyal: BTC-USD - 1h - SELL - Bearish divergence
2024-11-29 23:15:57,946 - INFO - Sinyal: BTC-USD - 1h - BUY - Bullish divergence
2024-11-29 23:15:57,947 - INFO - Sinyal: BTC-USD - 1h - SELL - Bearish divergence
2024-11-29 23:15:57,948 - INFO - Sinyal: BTC-USD - 1h - SELL - Bearish divergence
2024-11-29 23:15:57,949 - INFO - Sinyal: BTC-USD - 1h - BUY - Bullish divergence
2024-11-29 23:15:57,953 - INFO - Sinyal: BTC-USD - 1h - BUY - Bullish divergence
2024-11-29 23:15:57,954 - INFO - Sinyal: BTC-USD - 1h - SELL - Bearish divergence
2024-11-29 23:15:57,955 - INFO - Sinyal: BTC-USD - 1h - SELL - Bearish divergence
2024-11-29 23:15:57,958 - INFO - Sinyal: BTC-USD - 1h - SELL - Bearish divergence
2024-11-29 23:15:57,959 - INFO - Sinyal: BTC-USD - 1h - SELL - Bearish divergence
2024-11-29 23:15:57,960 - INFO - Sinyal: BTC-USD - 1h - SELL - Bearish divergence
2024-11-29 23:15:57,961 - INFO - Sinyal: BTC-USD - 1h - SELL - Bearish divergence
2024-11-29 23:15:57,962 - INFO - Sinyal: BTC-USD - 1h - SELL - Bearish divergence
2024-11-29 23:15:57,963 - INFO - Sinyal: BTC-USD - 1h - SELL - Bearish divergence
2024-11-29 23:15:57,965 - INFO - Sinyal: BTC-USD - 1h - SELL - Bearish divergence
2024-11-29 23:15:57,966 - INFO - Sinyal: BTC-USD - 1h - BUY - Bullish divergence
2024-11-29 23:15:57,970 - INFO - Sinyal: BTC-USD - 1h - SELL - Bearish divergence
2024-11-29 23:15:57,971 - INFO - Sinyal: BTC-USD - 1h - SELL - Bearish divergence
2024-11-29 23:15:57,972 - INFO - Sinyal: BTC-USD - 1h - SELL - Bearish divergence
2024-11-29 23:15:57,973 - INFO - Sinyal: BTC-USD - 1h - SELL - Bearish divergence
2024-11-29 23:15:57,974 - INFO - Sinyal: BTC-USD - 1h - SELL - Bearish divergence
2024-11-29 23:15:57,976 - INFO - Sinyal: BTC-USD - 1h - SELL - Bearish divergence
2024-11-29 23:15:57,978 - INFO - Sinyal: BTC-USD - 1h - SELL - Bearish divergence
2024-11-29 23:15:57,979 - INFO - Sinyal: BTC-USD - 1h - SELL - Bearish divergence
2024-11-29 23:15:57,980 - INFO - Sinyal: BTC-USD - 1h - SELL - Bearish divergence
2024-11-29 23:15:57,981 - INFO - Sinyal: BTC-USD - 1h - SELL - Bearish divergence
2024-11-29 23:15:57,983 - INFO - Sinyal: BTC-USD - 1h - BUY - Bullish divergence
2024-11-29 23:15:57,987 - INFO - Sinyal: BTC-USD - 1h - SELL - Bearish divergence
2024-11-29 23:15:57,988 - INFO - Sinyal: BTC-USD - 1h - SELL - Bearish divergence
2024-11-29 23:15:57,989 - INFO - Sinyal: BTC-USD - 1h - BUY - Bullish divergence
2024-11-29 23:15:57,990 - INFO - Sinyal: BTC-USD - 1h - BUY - Bullish divergence
2024-11-29 23:15:57,992 - INFO - Sinyal: BTC-USD - 1h - SELL - Bearish divergence
2024-11-29 23:15:57,993 - INFO - Sinyal: BTC-USD - 1h - BUY - Bullish divergence
2024-11-29 23:15:57,994 - INFO - Sinyal: BTC-USD - 1h - BUY - Bullish divergence
2024-11-29 23:15:57,995 - INFO - Sinyal: BTC-USD - 1h - SELL - Bearish divergence
2024-11-29 23:15:57,997 - INFO - Sinyal: BTC-USD - 1h - SELL - Bearish divergence
2024-11-29 23:15:58,000 - INFO - Sinyal: BTC-USD - 1h - SELL - Bearish divergence
2024-11-29 23:15:58,002 - INFO - Sinyal: BTC-USD - 1h - SELL - Bearish divergence
2024-11-29 23:15:58,004 - INFO - Sinyal: BTC-USD - 1h - SELL - Bearish divergence
2024-11-29 23:15:58,011 - ERROR - Döngü içinde hata oluþtu: single positional indexer is out-of-bounds
2024-11-29 23:16:08,025 - INFO - Veriler güncelleniyor...
2024-11-29 23:16:10,159 - ERROR - $BTC-USD: possibly delisted; no price data found  (period=1mo) (Yahoo error = "Invalid input - interval=4h is not supported. Valid intervals: [1m, 2m, 5m, 15m, 30m, 60m, 90m, 1h, 1d, 5d, 1wk, 1mo, 3mo]")
2024-11-29 23:16:11,853 - ERROR - $BTC-USD: possibly delisted; no price data found  (period=1mo) (Yahoo error = "Invalid input - interval=1w is not supported. Valid intervals: [1m, 2m, 5m, 15m, 30m, 60m, 90m, 1h, 1d, 5d, 1wk, 1mo, 3mo]")
2024-11-29 23:16:13,556 - ERROR - $ETH-USD: possibly delisted; no price data found  (period=1mo) (Yahoo error = "Invalid input - interval=4h is not supported. Valid intervals: [1m, 2m, 5m, 15m, 30m, 60m, 90m, 1h, 1d, 5d, 1wk, 1mo, 3mo]")
2024-11-29 23:16:15,081 - ERROR - $ETH-USD: possibly delisted; no price data found  (period=1mo) (Yahoo error = "Invalid input - interval=1w is not supported. Valid intervals: [1m, 2m, 5m, 15m, 30m, 60m, 90m, 1h, 1d, 5d, 1wk, 1mo, 3mo]")
2024-11-29 23:16:16,548 - ERROR - $XRP-USD: possibly delisted; no price data found  (period=1mo) (Yahoo error = "Invalid input - interval=4h is not supported. Valid intervals: [1m, 2m, 5m, 15m, 30m, 60m, 90m, 1h, 1d, 5d, 1wk, 1mo, 3mo]")
2024-11-29 23:16:17,898 - ERROR - $XRP-USD: possibly delisted; no price data found  (period=1mo) (Yahoo error = "Invalid input - interval=1w is not supported. Valid intervals: [1m, 2m, 5m, 15m, 30m, 60m, 90m, 1h, 1d, 5d, 1wk, 1mo, 3mo]")
2024-11-29 23:16:17,907 - INFO - Sinyal: BTC-USD - 1h - BUY - Bullish divergence
2024-11-29 23:16:17,908 - INFO - Sinyal: BTC-USD - 1h - BUY - Bullish divergence
2024-11-29 23:16:17,909 - INFO - Sinyal: BTC-USD - 1h - SELL - Bearish divergence
2024-11-29 23:16:17,910 - INFO - Sinyal: BTC-USD - 1h - BUY - Bullish divergence
2024-11-29 23:16:17,911 - INFO - Sinyal: BTC-USD - 1h - SELL - Bearish divergence
2024-11-29 23:16:17,912 - INFO - Sinyal: BTC-USD - 1h - SELL - Bearish divergence
2024-11-29 23:16:17,912 - INFO - Sinyal: BTC-USD - 1h - SELL - Bearish divergence
2024-11-29 23:16:17,914 - INFO - Sinyal: BTC-USD - 1h - BUY - Bullish divergence
2024-11-29 23:16:17,915 - INFO - Sinyal: BTC-USD - 1h - SELL - Bearish divergence
2024-11-29 23:16:17,916 - INFO - Sinyal: BTC-USD - 1h - BUY - Bullish divergence
2024-11-29 23:16:17,917 - INFO - Sinyal: BTC-USD - 1h - BUY - Bullish divergence
2024-11-29 23:16:17,918 - INFO - Sinyal: BTC-USD - 1h - SELL - Bearish divergence
2024-11-29 23:16:17,919 - INFO - Sinyal: BTC-USD - 1h - SELL - Bearish divergence
2024-11-29 23:16:17,920 - INFO - Sinyal: BTC-USD - 1h - BUY - Bullish divergence
2024-11-29 23:16:17,921 - INFO - Sinyal: BTC-USD - 1h - SELL - Bearish divergence
2024-11-29 23:16:17,923 - INFO - Sinyal: BTC-USD - 1h - SELL - Bearish divergence
2024-11-29 23:16:17,926 - INFO - Sinyal: BTC-USD - 1h - SELL - Bearish divergence
2024-11-29 23:16:17,928 - INFO - Sinyal: BTC-USD - 1h - SELL - Bearish divergence
2024-11-29 23:16:17,929 - INFO - Sinyal: BTC-USD - 1h - SELL - Bearish divergence
2024-11-29 23:16:17,930 - INFO - Sinyal: BTC-USD - 1h - SELL - Bearish divergence
2024-11-29 23:16:17,931 - INFO - Sinyal: BTC-USD - 1h - SELL - Bearish divergence
2024-11-29 23:16:17,932 - INFO - Sinyal: BTC-USD - 1h - SELL - Bearish divergence
2024-11-29 23:16:17,933 - INFO - Sinyal: BTC-USD - 1h - SELL - Bearish divergence
2024-11-29 23:16:17,933 - INFO - Sinyal: BTC-USD - 1h - SELL - Bearish divergence
2024-11-29 23:16:17,935 - INFO - Sinyal: BTC-USD - 1h - BUY - Bullish divergence
2024-11-29 23:16:17,936 - INFO - Sinyal: BTC-USD - 1h - SELL - Bearish divergence
2024-11-29 23:16:17,937 - INFO - Sinyal: BTC-USD - 1h - SELL - Bearish divergence
2024-11-29 23:16:17,938 - INFO - Sinyal: BTC-USD - 1h - SELL - Bearish divergence
2024-11-29 23:16:17,941 - INFO - Sinyal: BTC-USD - 1h - BUY - Bullish divergence
2024-11-29 23:16:17,942 - INFO - Sinyal: BTC-USD - 1h - SELL - Bearish divergence
2024-11-29 23:16:17,943 - INFO - Sinyal: BTC-USD - 1h - SELL - Bearish divergence
2024-11-29 23:16:17,944 - INFO - Sinyal: BTC-USD - 1h - SELL - Bearish divergence
2024-11-29 23:16:17,945 - INFO - Sinyal: BTC-USD - 1h - SELL - Bearish divergence
2024-11-29 23:16:17,946 - INFO - Sinyal: BTC-USD - 1h - SELL - Bearish divergence
2024-11-29 23:16:17,947 - INFO - Sinyal: BTC-USD - 1h - SELL - Bearish divergence
2024-11-29 23:16:17,948 - INFO - Sinyal: BTC-USD - 1h - SELL - Bearish divergence
2024-11-29 23:16:17,949 - INFO - Sinyal: BTC-USD - 1h - SELL - Bearish divergence
2024-11-29 23:16:17,950 - INFO - Sinyal: BTC-USD - 1h - SELL - Bearish divergence
2024-11-29 23:16:17,951 - INFO - Sinyal: BTC-USD - 1h - SELL - Bearish divergence
2024-11-29 23:16:17,952 - INFO - Sinyal: BTC-USD - 1h - BUY - Bullish divergence
2024-11-29 23:16:17,953 - INFO - Sinyal: BTC-USD - 1h - SELL - Bearish divergence
2024-11-29 23:16:17,954 - INFO - Sinyal: BTC-USD - 1h - SELL - Bearish divergence
2024-11-29 23:16:17,958 - INFO - Sinyal: BTC-USD - 1h - SELL - Bearish divergence
2024-11-29 23:16:17,959 - INFO - Sinyal: BTC-USD - 1h - SELL - Bearish divergence
2024-11-29 23:16:17,961 - INFO - Sinyal: BTC-USD - 1h - BUY - Bullish divergence
2024-11-29 23:16:17,962 - INFO - Sinyal: BTC-USD - 1h - SELL - Bearish divergence
2024-11-29 23:16:17,963 - INFO - Sinyal: BTC-USD - 1h - BUY - Bullish divergence
2024-11-29 23:16:17,964 - INFO - Sinyal: BTC-USD - 1h - SELL - Bearish divergence
2024-11-29 23:16:17,965 - INFO - Sinyal: BTC-USD - 1h - SELL - Bearish divergence
2024-11-29 23:16:17,966 - INFO - Sinyal: BTC-USD - 1h - BUY - Bullish divergence
2024-11-29 23:16:17,967 - INFO - Sinyal: BTC-USD - 1h - SELL - Bearish divergence
2024-11-29 23:16:17,968 - INFO - Sinyal: BTC-USD - 1h - SELL - Bearish divergence
2024-11-29 23:16:17,970 - INFO - Sinyal: BTC-USD - 1h - SELL - Bearish divergence
2024-11-29 23:16:17,973 - INFO - Sinyal: BTC-USD - 1h - BUY - Bullish divergence
2024-11-29 23:16:17,974 - INFO - Sinyal: BTC-USD - 1h - SELL - Bearish divergence
2024-11-29 23:16:17,975 - INFO - Sinyal: BTC-USD - 1h - SELL - Bearish divergence
2024-11-29 23:16:17,976 - INFO - Sinyal: BTC-USD - 1h - BUY - Bullish divergence
2024-11-29 23:16:17,977 - INFO - Sinyal: BTC-USD - 1h - SELL - Bearish divergence
2024-11-29 23:16:17,978 - INFO - Sinyal: BTC-USD - 1h - SELL - Bearish divergence
2024-11-29 23:16:17,980 - INFO - Sinyal: BTC-USD - 1h - BUY - Bullish divergence
2024-11-29 23:16:17,981 - INFO - Sinyal: BTC-USD - 1h - BUY - Bullish divergence
2024-11-29 23:16:17,981 - INFO - Sinyal: BTC-USD - 1h - SELL - Bearish divergence
2024-11-29 23:16:17,982 - INFO - Sinyal: BTC-USD - 1h - SELL - Bearish divergence
2024-11-29 23:16:17,984 - INFO - Sinyal: BTC-USD - 1h - SELL - Bearish divergence
2024-11-29 23:16:17,987 - INFO - Sinyal: BTC-USD - 1h - SELL - Bearish divergence
2024-11-29 23:16:17,988 - INFO - Sinyal: BTC-USD - 1h - SELL - Bearish divergence
2024-11-29 23:16:17,989 - INFO - Sinyal: BTC-USD - 1h - SELL - Bearish divergence
2024-11-29 23:16:17,991 - INFO - Sinyal: BTC-USD - 1h - SELL - Bearish divergence
2024-11-29 23:16:17,992 - INFO - Sinyal: BTC-USD - 1h - SELL - Bearish divergence
2024-11-29 23:16:17,993 - INFO - Sinyal: BTC-USD - 1h - SELL - Bearish divergence
2024-11-29 23:16:17,994 - INFO - Sinyal: BTC-USD - 1h - BUY - Bullish divergence
2024-11-29 23:16:17,995 - INFO - Sinyal: BTC-USD - 1h - SELL - Bearish divergence
2024-11-29 23:16:17,996 - INFO - Sinyal: BTC-USD - 1h - SELL - Bearish divergence
2024-11-29 23:16:17,997 - INFO - Sinyal: BTC-USD - 1h - SELL - Bearish divergence
2024-11-29 23:16:17,998 - INFO - Sinyal: BTC-USD - 1h - SELL - Bearish divergence
2024-11-29 23:16:17,999 - INFO - Sinyal: BTC-USD - 1h - SELL - Bearish divergence
2024-11-29 23:16:18,003 - INFO - Sinyal: BTC-USD - 1h - SELL - Bearish divergence
2024-11-29 23:16:18,003 - INFO - Sinyal: BTC-USD - 1h - SELL - Bearish divergence
2024-11-29 23:16:18,005 - INFO - Sinyal: BTC-USD - 1h - SELL - Bearish divergence
2024-11-29 23:16:18,006 - INFO - Sinyal: BTC-USD - 1h - SELL - Bearish divergence
2024-11-29 23:16:18,007 - INFO - Sinyal: BTC-USD - 1h - SELL - Bearish divergence
2024-11-29 23:16:18,008 - INFO - Sinyal: BTC-USD - 1h - BUY - Bullish divergence
2024-11-29 23:16:18,009 - INFO - Sinyal: BTC-USD - 1h - SELL - Bearish divergence
2024-11-29 23:16:18,010 - INFO - Sinyal: BTC-USD - 1h - SELL - Bearish divergence
2024-11-29 23:16:18,011 - INFO - Sinyal: BTC-USD - 1h - BUY - Bullish divergence
2024-11-29 23:16:18,012 - INFO - Sinyal: BTC-USD - 1h - BUY - Bullish divergence
2024-11-29 23:16:18,013 - INFO - Sinyal: BTC-USD - 1h - SELL - Bearish divergence
2024-11-29 23:16:18,014 - INFO - Sinyal: BTC-USD - 1h - BUY - Bullish divergence
2024-11-29 23:16:18,018 - INFO - Sinyal: BTC-USD - 1h - BUY - Bullish divergence
2024-11-29 23:16:18,019 - INFO - Sinyal: BTC-USD - 1h - SELL - Bearish divergence
2024-11-29 23:16:18,021 - INFO - Sinyal: BTC-USD - 1h - SELL - Bearish divergence
2024-11-29 23:16:18,022 - INFO - Sinyal: BTC-USD - 1h - SELL - Bearish divergence
2024-11-29 23:16:18,023 - INFO - Sinyal: BTC-USD - 1h - SELL - Bearish divergence
2024-11-29 23:16:18,024 - INFO - Sinyal: BTC-USD - 1h - SELL - Bearish divergence
2024-11-29 23:16:18,025 - INFO - Sinyal: BTC-USD - 1h - SELL - Bearish divergence
2024-11-29 23:16:18,031 - ERROR - Döngü içinde hata oluþtu: single positional indexer is out-of-bounds
