2024-11-29 23:56:35,795 - INFO - Trading Bot baþlatýlýyor...
2024-11-29 23:56:35,796 - INFO - Modüller baþarýyla yüklendi
2024-11-29 23:56:35,797 - INFO - Veriler güncelleniyor...
2024-11-29 23:56:37,695 - INFO - Sinyal: BTC-USD - 1h - BUY - Bullish divergence
2024-11-29 23:56:37,696 - INFO - Sinyal: BTC-USD - 1h - SELL - Bearish divergence
2024-11-29 23:56:40,611 - INFO - Sinyal: BTC-USD - 1d - SELL - Bearish divergence
2024-11-29 23:56:40,807 - INFO - Sinyal: ETH-USD - 1h - BUY - Bullish divergence
2024-11-29 23:56:40,807 - INFO - Sinyal: ETH-USD - 1h - SELL - Bearish divergence
2024-11-29 23:56:41,178 - INFO - Sinyal: ETH-USD - 1d - SELL - Bearish divergence
2024-11-29 23:56:41,179 - INFO - Sinyal: ETH-USD - 1d - SELL - Bearish divergence
2024-11-29 23:56:41,180 - INFO - Sinyal: ETH-USD - 1d - SELL - Bearish divergence
2024-11-29 23:56:41,382 - INFO - Sinyal: XRP-USD - 1h - SELL - RSI overbought
2024-11-29 23:56:41,383 - INFO - Sinyal: XRP-USD - 1h - SELL - Bearish divergence
2024-11-29 23:56:41,385 - INFO - Sinyal: XRP-USD - 1h - SELL - Bearish divergence
2024-11-29 23:56:41,742 - INFO - Sinyal: XRP-USD - 1d - SELL - RSI overbought
2024-11-29 23:56:49,302 - INFO - 300 saniye bekleniyor...
2024-11-30 00:01:49,316 - INFO - Veriler güncelleniyor...
2024-11-30 00:01:50,826 - INFO - Sinyal: BTC-USD - 1h - BUY - Bullish divergence
2024-11-30 00:01:50,827 - INFO - Sinyal: BTC-USD - 1h - SELL - Bearish divergence
2024-11-30 00:01:51,168 - INFO - Sinyal: BTC-USD - 1d - SELL - Bearish divergence
2024-11-30 00:01:51,347 - INFO - Sinyal: ETH-USD - 1h - BUY - Bullish divergence
2024-11-30 00:01:51,348 - INFO - Sinyal: ETH-USD - 1h - SELL - Bearish divergence
2024-11-30 00:01:51,691 - INFO - Sinyal: ETH-USD - 1d - SELL - Bearish divergence
2024-11-30 00:01:51,692 - INFO - Sinyal: ETH-USD - 1d - SELL - Bearish divergence
2024-11-30 00:01:51,695 - INFO - Sinyal: ETH-USD - 1d - SELL - Bearish divergence
2024-11-30 00:01:51,888 - INFO - Sinyal: XRP-USD - 1h - SELL - RSI overbought
2024-11-30 00:01:51,888 - INFO - Sinyal: XRP-USD - 1h - SELL - Bearish divergence
2024-11-30 00:01:51,891 - INFO - Sinyal: XRP-USD - 1h - SELL - Bearish divergence
2024-11-30 00:01:52,220 - INFO - Sinyal: XRP-USD - 1d - SELL - RSI overbought
2024-11-30 00:01:59,369 - INFO - 300 saniye bekleniyor...
2024-11-30 00:06:59,407 - INFO - Veriler güncelleniyor...
2024-11-30 00:07:01,111 - INFO - Sinyal: BTC-USD - 1h - BUY - Bullish divergence
2024-11-30 00:07:01,112 - INFO - Sinyal: BTC-USD - 1h - SELL - Bearish divergence
2024-11-30 00:07:01,492 - INFO - Sinyal: BTC-USD - 1d - SELL - Bearish divergence
2024-11-30 00:07:01,699 - INFO - Sinyal: ETH-USD - 1h - BUY - Bullish divergence
2024-11-30 00:07:01,700 - INFO - Sinyal: ETH-USD - 1h - SELL - Bearish divergence
2024-11-30 00:07:02,057 - INFO - Sinyal: ETH-USD - 1d - SELL - Bearish divergence
2024-11-30 00:07:02,058 - INFO - Sinyal: ETH-USD - 1d - SELL - Bearish divergence
2024-11-30 00:07:02,060 - INFO - Sinyal: ETH-USD - 1d - SELL - Bearish divergence
2024-11-30 00:07:02,362 - INFO - Sinyal: XRP-USD - 1h - SELL - RSI overbought
2024-11-30 00:07:02,362 - INFO - Sinyal: XRP-USD - 1h - SELL - Bearish divergence
2024-11-30 00:07:02,365 - INFO - Sinyal: XRP-USD - 1h - SELL - Bearish divergence
2024-11-30 00:07:02,709 - INFO - Sinyal: XRP-USD - 1d - SELL - RSI overbought
2024-11-30 00:07:09,076 - INFO - 300 saniye bekleniyor...
