2024-11-30 00:36:10,638 - INFO - Trading Bot baþlatýlýyor...
2024-11-30 00:36:10,639 - INFO - Modüller baþarýyla yüklendi
2024-11-30 00:36:12,908 - INFO - BTC-USD için tarihsel analiz tamamlandý
2024-11-30 00:36:14,406 - INFO - ETH-USD için tarihsel analiz tamamlandý
2024-11-30 00:36:16,015 - INFO - XRP-USD için tarihsel analiz tamamlandý
2024-11-30 00:36:16,015 - INFO - Veriler güncelleniyor...
2024-11-30 00:36:16,255 - ERROR - BTC-USD: Period '7d' is invalid, must be one of ['1d', '5d', '1mo', '3mo', '6mo', '1y', '2y', '5y', '10y', 'ytd', 'max']
2024-11-30 00:36:16,723 - ERROR - ETH-USD: Period '7d' is invalid, must be one of ['1d', '5d', '1mo', '3mo', '6mo', '1y', '2y', '5y', '10y', 'ytd', 'max']
2024-11-30 00:36:17,235 - ERROR - XRP-USD: Period '7d' is invalid, must be one of ['1d', '5d', '1mo', '3mo', '6mo', '1y', '2y', '5y', '10y', 'ytd', 'max']
2024-11-30 00:36:17,682 - WARNING - Veri alýnamadý: BTC-USD
2024-11-30 00:36:17,895 - WARNING - Veri alýnamadý: ETH-USD
2024-11-30 00:36:18,106 - WARNING - Veri alýnamadý: XRP-USD
2024-11-30 00:36:18,108 - INFO - 120 saniye bekleniyor...
2024-11-30 00:42:14,601 - INFO - Trading Bot baþlatýlýyor...
2024-11-30 00:42:14,602 - INFO - Modüller baþarýyla yüklendi
2024-11-30 00:42:16,626 - INFO - BTC-USD için tarihsel analiz tamamlandý
2024-11-30 00:42:18,190 - INFO - ETH-USD için tarihsel analiz tamamlandý
2024-11-30 00:42:19,824 - INFO - XRP-USD için tarihsel analiz tamamlandý
2024-11-30 00:42:19,825 - INFO - Veriler güncelleniyor...
2024-11-30 00:42:32,737 - INFO - 120 saniye bekleniyor...
2024-11-30 00:44:32,751 - INFO - Veriler güncelleniyor...
2024-11-30 00:44:42,161 - INFO - 120 saniye bekleniyor...
2024-11-30 00:46:42,164 - INFO - Veriler güncelleniyor...
2024-11-30 00:46:52,030 - INFO - 120 saniye bekleniyor...
2024-11-30 00:53:11,674 - INFO - Trading Bot baþlatýlýyor...
2024-11-30 00:53:11,674 - INFO - Modüller baþarýyla yüklendi
2024-11-30 00:53:14,145 - INFO - BTC-USD için tarihsel analiz tamamlandý
2024-11-30 00:53:15,807 - INFO - ETH-USD için tarihsel analiz tamamlandý
2024-11-30 00:53:17,573 - INFO - XRP-USD için tarihsel analiz tamamlandý
2024-11-30 00:53:17,573 - INFO - Veriler güncelleniyor...
2024-11-30 00:53:24,863 - INFO - 120 saniye bekleniyor...
2024-11-30 00:56:17,171 - INFO - Trading Bot baþlatýlýyor...
2024-11-30 00:56:17,171 - INFO - Modüller baþarýyla yüklendi
2024-11-30 00:56:23,418 - INFO - BTC-USD için tarihsel analiz tamamlandý
2024-11-30 00:56:25,012 - INFO - ETH-USD için tarihsel analiz tamamlandý
2024-11-30 00:56:26,401 - INFO - XRP-USD için tarihsel analiz tamamlandý
2024-11-30 00:56:26,401 - INFO - Veriler güncelleniyor...
2024-11-30 00:59:21,310 - INFO - 120 saniye bekleniyor...
2024-11-30 01:07:13,651 - INFO - Trading Bot baþlatýlýyor...
2024-11-30 01:07:13,651 - INFO - Modüller baþarýyla yüklendi
2024-11-30 01:07:16,887 - INFO - BTC-USD için tarihsel analiz tamamlandý
2024-11-30 01:07:18,581 - INFO - ETH-USD için tarihsel analiz tamamlandý
2024-11-30 01:07:20,235 - INFO - XRP-USD için tarihsel analiz tamamlandý
2024-11-30 01:07:20,236 - INFO - Veriler güncelleniyor...
2024-11-30 01:07:20,851 - ERROR - Sembol iþleme hatasý (BTC-USD): 'Dashboard' object has no attribute 'analyze_trend'
2024-11-30 01:07:21,458 - ERROR - Sembol iþleme hatasý (ETH-USD): 'Dashboard' object has no attribute 'analyze_trend'
2024-11-30 01:07:22,061 - ERROR - Sembol iþleme hatasý (XRP-USD): 'Dashboard' object has no attribute 'analyze_trend'
2024-11-30 01:07:22,065 - INFO - 120 saniye bekleniyor...
2024-11-30 01:10:47,147 - INFO - Trading Bot baþlatýlýyor...
2024-11-30 01:10:47,148 - INFO - Modüller baþarýyla yüklendi
2024-11-30 01:10:49,313 - INFO - BTC-USD için tarihsel analiz tamamlandý
2024-11-30 01:10:51,036 - INFO - ETH-USD için tarihsel analiz tamamlandý
2024-11-30 01:10:52,591 - INFO - XRP-USD için tarihsel analiz tamamlandý
2024-11-30 01:10:52,591 - INFO - Veriler güncelleniyor...
2024-11-30 01:10:53,204 - INFO - Sinyal: BTC-USD - BUY - Trend Yukarý (L/M/S), RSI: 70.9, BB: 0.82, MACD Kesiþim: False - Güven: 70%
2024-11-30 01:14:04,957 - INFO - 120 saniye bekleniyor...
2024-11-30 01:16:04,968 - INFO - Veriler güncelleniyor...
2024-11-30 01:16:06,760 - INFO - Sinyal: BTC-USD - BUY - Trend Yukarý (L/M/S), RSI: 62.3, BB: 0.73, MACD Kesiþim: False - Güven: 70%
2024-11-30 01:17:08,756 - INFO - Trading Bot baþlatýlýyor...
2024-11-30 01:17:08,756 - INFO - Modüller baþarýyla yüklendi
2024-11-30 01:17:11,122 - INFO - BTC-USD için tarihsel analiz tamamlandý
2024-11-30 01:17:12,788 - INFO - ETH-USD için tarihsel analiz tamamlandý
2024-11-30 01:17:14,407 - INFO - XRP-USD için tarihsel analiz tamamlandý
2024-11-30 01:17:14,408 - INFO - Veriler güncelleniyor...
2024-11-30 01:17:15,027 - INFO - Sinyal: BTC-USD - BUY - Trend Yukarý (L/M/S), RSI: 62.3, BB: 0.73, MACD Kesiþim: False - Güven: 70%
2024-11-30 01:21:08,588 - INFO - 120 saniye bekleniyor...
2024-11-30 01:24:03,548 - INFO - Trading Bot baþlatýlýyor...
2024-11-30 01:24:03,548 - INFO - Modüller baþarýyla yüklendi
2024-11-30 01:24:05,862 - INFO - BTC-USD için tarihsel analiz tamamlandý
2024-11-30 01:24:07,574 - INFO - ETH-USD için tarihsel analiz tamamlandý
2024-11-30 01:24:09,384 - INFO - XRP-USD için tarihsel analiz tamamlandý
2024-11-30 01:24:09,385 - INFO - Veriler güncelleniyor...
2024-11-30 01:25:19,882 - INFO - Sinyal: ETH-USD - BUY - Trend Yukarý (L/M/S), RSI: 55.4, BB: 0.72, MACD Kesiþim: False - Güven: 70%
2024-11-30 01:28:14,902 - INFO - 120 saniye bekleniyor...
2024-11-30 01:29:48,989 - INFO - Trading Bot baþlatýlýyor...
2024-11-30 01:29:48,989 - INFO - Modüller baþarýyla yüklendi
2024-11-30 01:29:51,479 - INFO - BTC-USD için tarihsel analiz tamamlandý
2024-11-30 01:29:53,136 - INFO - ETH-USD için tarihsel analiz tamamlandý
2024-11-30 01:29:54,890 - INFO - XRP-USD için tarihsel analiz tamamlandý
2024-11-30 01:29:54,890 - INFO - Veriler güncelleniyor...
2024-11-30 01:29:55,404 - ERROR - Sembol iþleme hatasý (BTC-USD): 'Dashboard' object has no attribute 'analyze_trend'
2024-11-30 01:29:56,015 - ERROR - Sembol iþleme hatasý (ETH-USD): 'Dashboard' object has no attribute 'analyze_trend'
2024-11-30 01:29:56,623 - ERROR - Sembol iþleme hatasý (XRP-USD): 'Dashboard' object has no attribute 'analyze_trend'
2024-11-30 01:29:56,626 - INFO - 120 saniye bekleniyor...
2024-11-30 01:30:14,905 - INFO - Veriler güncelleniyor...
2024-11-30 01:31:29,586 - INFO - Sinyal: ETH-USD - BUY - Trend Yukarý (L/M/S), RSI: 55.8, BB: 0.79, MACD Kesiþim: False - Güven: 70%
2024-11-30 01:33:07,267 - INFO - Trading Bot baþlatýlýyor...
2024-11-30 01:33:07,280 - INFO - Modüller baþarýyla yüklendi
2024-11-30 01:33:09,516 - INFO - BTC-USD için tarihsel analiz tamamlandý
2024-11-30 01:33:09,517 - INFO - Veriler güncelleniyor...
2024-11-30 01:33:09,920 - ERROR - Döngü hatasý: 'TradingStrategy' object has no attribute 'analyze_trend'
2024-11-30 01:34:28,772 - INFO - 120 saniye bekleniyor...
2024-11-30 01:35:35,261 - INFO - Trading Bot baþlatýlýyor...
2024-11-30 01:35:35,262 - INFO - Modüller baþarýyla yüklendi
2024-11-30 01:35:37,532 - INFO - BTC-USD için tarihsel analiz tamamlandý
2024-11-30 01:35:37,533 - INFO - Veriler güncelleniyor...
2024-11-30 01:35:38,212 - INFO - Sinyal: BTC-USD - BUY - Trend Yukarý (L/M/S), RSI: 52.2, BB: 0.79, MACD Kesiþim: False - Güven: 70%
2024-11-30 01:35:39,938 - ERROR - Döngü hatasý: 'Dashboard' object has no attribute 'add_historical_analysis'
2024-11-30 01:36:28,777 - INFO - Veriler güncelleniyor...
2024-11-30 01:36:31,649 - INFO - Sinyal: BTC-USD - BUY - Trend Yukarý (L/M/S), RSI: 58.8, BB: 0.91, MACD Kesiþim: True - Güven: 80%
2024-11-30 01:38:19,380 - INFO - Sinyal: ETH-USD - BUY - Trend Yukarý (L/M/S), RSI: 72.0, BB: 1.09, MACD Kesiþim: False - Güven: 70%
2024-11-30 01:38:20,271 - INFO - Trading Bot baþlatýlýyor...
2024-11-30 01:38:20,273 - INFO - Modüller baþarýyla yüklendi
2024-11-30 01:38:22,570 - INFO - BTC-USD için tarihsel analiz tamamlandý
2024-11-30 01:38:22,571 - INFO - Veriler güncelleniyor...
2024-11-30 01:38:23,003 - INFO - Sinyal: BTC-USD - BUY - Trend Yukarý (L/M/S), RSI: 61.9, BB: 1.05, MACD Kesiþim: False - Güven: 70%
2024-11-30 01:38:31,991 - INFO - 120 saniye bekleniyor...
2024-11-30 01:39:43,771 - INFO - Sinyal: XRP-USD - BUY - Trend Yukarý (L/M/S), RSI: 57.6, BB: 0.91, MACD Kesiþim: False - Güven: 70%
2024-11-30 01:41:47,805 - INFO - 120 saniye bekleniyor...
2024-11-30 01:43:47,815 - INFO - Veriler güncelleniyor...
2024-11-30 01:43:48,886 - INFO - Sinyal: BTC-USD - BUY - Trend Yukarý (L/M/S), RSI: 54.5, BB: 0.74, MACD Kesiþim: False - Güven: 70%
2024-11-30 01:45:31,281 - INFO - Sinyal: ETH-USD - BUY - Trend Yukarý (L/M/S), RSI: 67.9, BB: 0.73, MACD Kesiþim: False - Güven: 70%
2024-11-30 01:47:09,217 - INFO - Sinyal: XRP-USD - BUY - Trend Yukarý (L/M/S), RSI: 83.9, BB: 0.75, MACD Kesiþim: False - Güven: 70%
2024-11-30 01:49:16,830 - INFO - 120 saniye bekleniyor...
2024-11-30 01:51:16,840 - INFO - Veriler güncelleniyor...
2024-11-30 01:51:17,828 - INFO - Sinyal: BTC-USD - BUY - Trend Yukarý (L/M/S), RSI: 55.9, BB: 0.78, MACD Kesiþim: False - Güven: 70%
2024-11-30 01:53:04,624 - INFO - Sinyal: ETH-USD - BUY - Trend Yukarý (L/M/S), RSI: 73.0, BB: 0.81, MACD Kesiþim: False - Güven: 70%
2024-11-30 01:54:18,038 - INFO - Trading Bot baþlatýlýyor...
2024-11-30 01:54:18,040 - INFO - Modüller baþarýyla yüklendi
2024-11-30 01:54:18,041 - ERROR - Program hatasý: 'HistoricalAnalyzer' object has no attribute 'get_current_analysis'
2024-11-30 01:54:27,791 - INFO - Trading Bot baþlatýlýyor...
2024-11-30 01:54:27,792 - INFO - Modüller baþarýyla yüklendi
2024-11-30 01:54:27,794 - ERROR - Program hatasý: 'HistoricalAnalyzer' object has no attribute 'get_current_analysis'
2024-11-30 01:54:28,584 - INFO - Sinyal: XRP-USD - BUY - Trend Yukarý (L/M/S), RSI: 78.5, BB: 0.75, MACD Kesiþim: False - Güven: 70%
2024-11-30 01:54:34,143 - INFO - Trading Bot baþlatýlýyor...
2024-11-30 01:54:34,144 - INFO - Modüller baþarýyla yüklendi
2024-11-30 01:54:34,145 - ERROR - Program hatasý: 'HistoricalAnalyzer' object has no attribute 'get_current_analysis'
2024-11-30 01:56:31,427 - INFO - 120 saniye bekleniyor...
2024-11-30 01:56:52,095 - INFO - Trading Bot baþlatýlýyor...
2024-11-30 01:56:52,096 - INFO - Modüller baþarýyla yüklendi
2024-11-30 01:56:52,097 - ERROR - Program hatasý: get_current_analysis() missing 3 required positional arguments: 'data_2m', 'data_1h', and 'data_1d'
2024-11-30 01:56:58,302 - INFO - Trading Bot baþlatýlýyor...
2024-11-30 01:56:58,303 - INFO - Modüller baþarýyla yüklendi
2024-11-30 01:56:58,304 - ERROR - Program hatasý: get_current_analysis() missing 3 required positional arguments: 'data_2m', 'data_1h', and 'data_1d'
2024-11-30 01:58:31,438 - INFO - Veriler güncelleniyor...
2024-11-30 02:03:47,494 - INFO - 120 saniye bekleniyor...
2024-11-30 02:05:47,505 - INFO - Veriler güncelleniyor...
2024-11-30 02:08:22,118 - INFO - Log dosyasý: logs\trading_bot_20241130.log
2024-11-30 02:08:26,575 - INFO - Trading Bot baþlatýlýyor...
2024-11-30 02:08:26,576 - ERROR - Program hatasý: __init__() missing 2 required positional arguments: 'symbols' and 'timeframes'
2024-11-30 02:09:08,892 - INFO - Sinyal: XRP-USD - BUY - Trend Yukarý (L/M/S), RSI: 56.2, BB: 0.84, MACD Kesiþim: False - Güven: 70%
2024-11-30 02:11:19,480 - INFO - 120 saniye bekleniyor...
2024-11-30 02:12:17,828 - INFO - Log dosyasý: logs\trading_bot_20241130.log
2024-11-30 02:12:21,584 - INFO - Trading Bot baþlatýlýyor...
2024-11-30 02:12:21,585 - INFO - Modüller baþarýyla yüklendi
2024-11-30 02:12:23,029 - INFO - Seçilen trading pair: BTC-USD
2024-11-30 02:12:23,031 - INFO - Veriler güncelleniyor...
2024-11-30 02:12:24,211 - ERROR - Veri alýnamadý, 10 saniye sonra tekrar denenecek
2024-11-30 02:12:34,226 - INFO - Veriler güncelleniyor...
2024-11-30 02:12:34,455 - ERROR - Veri alýnamadý, 10 saniye sonra tekrar denenecek
2024-11-30 02:12:44,469 - INFO - Veriler güncelleniyor...
2024-11-30 02:12:44,693 - ERROR - Veri alýnamadý, 10 saniye sonra tekrar denenecek
2024-11-30 02:12:54,707 - INFO - Veriler güncelleniyor...
2024-11-30 02:12:55,029 - ERROR - Veri alýnamadý, 10 saniye sonra tekrar denenecek
2024-11-30 02:13:19,496 - INFO - Veriler güncelleniyor...
2024-11-30 02:14:04,195 - INFO - Log dosyasý: logs\trading_bot_20241130.log
2024-11-30 02:14:07,265 - INFO - Trading Bot baþlatýlýyor...
2024-11-30 02:14:07,265 - INFO - Modüller baþarýyla yüklendi
2024-11-30 02:14:09,765 - INFO - Seçilen trading pair: BTC-USD
2024-11-30 02:14:09,768 - INFO - Veriler güncelleniyor...
2024-11-30 02:14:10,937 - INFO - Veriler baþarýyla alýndý: BTC-USD
2024-11-30 02:14:10,940 - INFO - 2m veri boyutu: 686
2024-11-30 02:14:10,941 - INFO - 1h veri boyutu: 120
2024-11-30 02:14:10,943 - INFO - 1d veri boyutu: 32
2024-11-30 02:14:11,424 - INFO - Grafikler güncellendi
2024-11-30 02:14:11,426 - INFO - 120 saniye bekleniyor...
2024-11-30 02:16:45,157 - INFO - Sinyal: XRP-USD - BUY - Trend Yukarý (L/M/S), RSI: 71.5, BB: 1.07, MACD Kesiþim: False - Güven: 70%
2024-11-30 02:17:55,390 - INFO - Log dosyasý: logs\trading_bot_20241130.log
2024-11-30 02:17:59,103 - INFO - Trading Bot baþlatýlýyor...
2024-11-30 02:17:59,104 - INFO - Modüller baþarýyla yüklendi
2024-11-30 02:18:04,982 - INFO - Seçilen trading pair: BTC-USD
2024-11-30 02:18:04,984 - INFO - Veriler güncelleniyor...
2024-11-30 02:18:10,062 - ERROR - Veri alýnamadý, 10 saniye sonra tekrar denenecek
2024-11-30 02:18:20,073 - INFO - Veriler güncelleniyor...
2024-11-30 02:18:22,439 - ERROR - Veri alýnamadý, 10 saniye sonra tekrar denenecek
2024-11-30 02:18:32,458 - INFO - Veriler güncelleniyor...
2024-11-30 02:18:33,188 - ERROR - Veri alýnamadý, 10 saniye sonra tekrar denenecek
2024-11-30 02:18:49,265 - INFO - 120 saniye bekleniyor...
2024-11-30 02:19:42,275 - INFO - Log dosyasý: logs\trading_bot_20241130.log
2024-11-30 02:19:44,912 - INFO - Trading Bot baþlatýlýyor...
2024-11-30 02:19:44,912 - INFO - Modüller baþarýyla yüklendi
2024-11-30 02:19:46,269 - INFO - Seçilen trading pair: BTC-USD
2024-11-30 02:19:46,272 - INFO - Veriler güncelleniyor...
2024-11-30 02:19:47,735 - INFO - Veriler baþarýyla alýndý: BTC-USD
2024-11-30 02:19:47,736 - INFO - 2m veri boyutu: 689
2024-11-30 02:19:47,737 - INFO - 1h veri boyutu: 120
2024-11-30 02:19:47,740 - INFO - 1d veri boyutu: 32
2024-11-30 02:19:48,161 - INFO - Grafikler güncellendi
2024-11-30 02:19:48,163 - INFO - 120 saniye bekleniyor...
2024-11-30 02:20:49,268 - INFO - Veriler güncelleniyor...
2024-11-30 02:22:44,837 - ERROR - $ETH-USD: possibly delisted; no price data found  (period=1d)
2024-11-30 02:22:44,844 - ERROR - $ETH-USD: possibly delisted; no price data found  (period=5d)
2024-11-30 02:22:44,851 - ERROR - $ETH-USD: possibly delisted; no price data found  (period=1y)
2024-11-30 02:22:44,853 - WARNING - 1 saatlik veri alýnamadý: ETH-USD
2024-11-30 02:22:44,858 - ERROR - $XRP-USD: possibly delisted; no price data found  (period=1d)
2024-11-30 02:22:44,866 - ERROR - $XRP-USD: possibly delisted; no price data found  (period=5d)
2024-11-30 02:22:44,873 - ERROR - $XRP-USD: possibly delisted; no price data found  (period=1y)
2024-11-30 02:22:44,874 - WARNING - 1 saatlik veri alýnamadý: XRP-USD
2024-11-30 02:22:44,875 - INFO - 120 saniye bekleniyor...
2024-11-30 02:24:44,890 - INFO - Veriler güncelleniyor...
2024-11-30 02:28:10,474 - INFO - Sinyal: XRP-USD - BUY - Trend Yukarý (L/M/S), RSI: 94.8, BB: 0.91, MACD Kesiþim: False - Güven: 70%
2024-11-30 02:30:08,747 - INFO - 120 saniye bekleniyor...
2024-11-30 02:32:08,754 - INFO - Veriler güncelleniyor...
2024-11-30 02:34:22,319 - INFO - Log dosyasý: logs\trading_bot_20241130.log
2024-11-30 02:34:24,937 - INFO - Trading Bot baþlatýlýyor...
2024-11-30 02:34:24,938 - INFO - Modüller baþarýyla yüklendi
2024-11-30 02:34:26,863 - INFO - Seçilen trading pair: BTC-USD
2024-11-30 02:34:26,865 - INFO - Veriler güncelleniyor...
2024-11-30 02:34:28,248 - INFO - Veriler baþarýyla alýndý: BTC-USD
2024-11-30 02:34:28,249 - INFO - 2m veri boyutu: 696
2024-11-30 02:34:28,250 - INFO - 1h veri boyutu: 120
2024-11-30 02:34:28,251 - INFO - 1d veri boyutu: 32
2024-11-30 02:34:30,153 - INFO - Grafikler güncellendi
2024-11-30 02:34:30,156 - INFO - 120 saniye bekleniyor...
2024-11-30 02:35:17,408 - INFO - Sinyal: XRP-USD - BUY - Trend Yukarý (L/M/S), RSI: 85.8, BB: 0.79, MACD Kesiþim: False - Güven: 70%
2024-11-30 02:37:24,046 - INFO - 120 saniye bekleniyor...
2024-11-30 02:37:27,254 - INFO - Log dosyasý: logs\trading_bot_20241130.log
2024-11-30 02:37:30,114 - INFO - Trading Bot baþlatýlýyor...
2024-11-30 02:37:30,115 - INFO - Modüller baþarýyla yüklendi
2024-11-30 02:37:31,104 - INFO - Seçilen trading pair: BTC-USD
2024-11-30 02:37:31,106 - INFO - Veriler güncelleniyor...
2024-11-30 02:37:32,491 - INFO - Veriler baþarýyla alýndý: BTC-USD
2024-11-30 02:37:32,492 - INFO - 2m veri boyutu: 698
2024-11-30 02:37:32,493 - INFO - 1h veri boyutu: 120
2024-11-30 02:37:32,494 - INFO - 1d veri boyutu: 32
2024-11-30 02:37:34,439 - INFO - Grafikler güncellendi
2024-11-30 02:37:34,442 - INFO - 120 saniye bekleniyor...
2024-11-30 02:39:24,053 - INFO - Veriler güncelleniyor...
2024-11-30 02:39:24,998 - INFO - Sinyal: BTC-USD - BUY - Trend Yukarý (L/M/S), RSI: 74.8, BB: 0.93, MACD Kesiþim: False - Güven: 70%
2024-11-30 02:42:37,390 - INFO - Sinyal: XRP-USD - BUY - Trend Yukarý (L/M/S), RSI: 83.4, BB: 0.83, MACD Kesiþim: False - Güven: 70%
2024-11-30 02:44:48,950 - INFO - 120 saniye bekleniyor...
2024-11-30 02:46:48,962 - INFO - Veriler güncelleniyor...
2024-11-30 02:46:49,929 - INFO - Sinyal: BTC-USD - BUY - Trend Yukarý (L/M/S), RSI: 66.9, BB: 0.75, MACD Kesiþim: False - Güven: 70%
2024-11-30 02:50:06,237 - INFO - Sinyal: XRP-USD - BUY - Trend Yukarý (L/M/S), RSI: 81.2, BB: 0.85, MACD Kesiþim: False - Güven: 70%
2024-11-30 02:52:13,775 - INFO - 120 saniye bekleniyor...
2024-11-30 02:54:13,776 - INFO - Veriler güncelleniyor...
2024-11-30 02:54:14,799 - INFO - Sinyal: BTC-USD - BUY - Trend Yukarý (L/M/S), RSI: 68.3, BB: 0.86, MACD Kesiþim: False - Güven: 70%
2024-11-30 02:55:56,323 - INFO - Sinyal: ETH-USD - BUY - Trend Yukarý (L/M/S), RSI: 49.5, BB: 0.63, MACD Kesiþim: False - Güven: 70%
2024-11-30 02:57:19,789 - INFO - Sinyal: XRP-USD - BUY - Trend Yukarý (L/M/S), RSI: 71.0, BB: 0.64, MACD Kesiþim: False - Güven: 70%
2024-11-30 02:59:18,121 - INFO - 120 saniye bekleniyor...
2024-11-30 03:01:18,135 - INFO - Veriler güncelleniyor...
2024-11-30 03:01:18,691 - ERROR - $BTC-USD: possibly delisted; no price data found  (period=1d)
