2024-11-29 23:31:12,110 - INFO - Trading Bot baþlatýlýyor...
2024-11-29 23:31:12,110 - INFO - Modüller baþarýyla yüklendi
2024-11-29 23:31:12,111 - INFO - Veriler güncelleniyor...
2024-11-29 23:31:16,412 - INFO - Sinyal: BTC-USD - 1h - BUY - Bullish divergence
2024-11-29 23:31:16,413 - INFO - Sinyal: BTC-USD - 1h - SELL - Bearish divergence
2024-11-29 23:31:17,184 - INFO - Sinyal: BTC-USD - 1d - SELL - Bearish divergence
2024-11-29 23:31:17,290 - INFO - Sinyal: ETH-USD - 1h - BUY - Bullish divergence
2024-11-29 23:31:17,291 - INFO - Sinyal: ETH-USD - 1h - SELL - Bearish divergence
2024-11-29 23:31:17,506 - INFO - Sinyal: ETH-USD - 1d - SELL - Bearish divergence
2024-11-29 23:31:17,507 - INFO - Sinyal: ETH-USD - 1d - SELL - Bearish divergence
2024-11-29 23:31:17,508 - INFO - Sinyal: ETH-USD - 1d - SELL - Bearish divergence
2024-11-29 23:31:17,599 - INFO - Sinyal: XRP-USD - 1h - SELL - RSI overbought
2024-11-29 23:31:17,600 - INFO - Sinyal: XRP-USD - 1h - SELL - Bearish divergence
2024-11-29 23:31:17,602 - INFO - Sinyal: XRP-USD - 1h - SELL - Bearish divergence
2024-11-29 23:31:17,858 - INFO - Sinyal: XRP-USD - 1d - SELL - RSI overbought
2024-11-29 23:31:20,911 - INFO - 300 saniye bekleniyor...
2024-11-29 23:36:20,924 - INFO - Veriler güncelleniyor...
2024-11-29 23:36:23,014 - INFO - Sinyal: BTC-USD - 1h - BUY - Bullish divergence
2024-11-29 23:36:23,015 - INFO - Sinyal: BTC-USD - 1h - SELL - Bearish divergence
2024-11-29 23:36:23,213 - INFO - Sinyal: BTC-USD - 1d - SELL - Bearish divergence
2024-11-29 23:36:23,299 - INFO - Sinyal: ETH-USD - 1h - BUY - Bullish divergence
2024-11-29 23:36:23,300 - INFO - Sinyal: ETH-USD - 1h - SELL - Bearish divergence
2024-11-29 23:36:23,496 - INFO - Sinyal: ETH-USD - 1d - SELL - Bearish divergence
2024-11-29 23:36:23,497 - INFO - Sinyal: ETH-USD - 1d - SELL - Bearish divergence
2024-11-29 23:36:23,499 - INFO - Sinyal: ETH-USD - 1d - SELL - Bearish divergence
2024-11-29 23:36:23,594 - INFO - Sinyal: XRP-USD - 1h - SELL - RSI overbought
2024-11-29 23:36:23,595 - INFO - Sinyal: XRP-USD - 1h - SELL - Bearish divergence
2024-11-29 23:36:23,599 - INFO - Sinyal: XRP-USD - 1h - SELL - Bearish divergence
2024-11-29 23:36:23,789 - INFO - Sinyal: XRP-USD - 1d - SELL - RSI overbought
2024-11-29 23:36:28,855 - INFO - 300 saniye bekleniyor...
